  GameServer.cpp
  LINK : D:\AIE Work\Joshua Peake\2018 - Programming\2018-Networking-Login-Project\Debug\GameServer.exe not found or not built by the last incremental link; performing full link
raknet_d.lib(BitStream.obj) : warning LNK4099: PDB 'RakNet_VS2008_LibStatic_Debug_Win32.pdb' was not found with 'raknet_d.lib(BitStream.obj)' or at 'D:\AIE Work\Joshua Peake\2018 - Programming\2018-Networking-Login-Project\Debug\RakNet_VS2008_LibStatic_Debug_Win32.pdb'; linking object as if no debug info
raknet_d.lib(CCRakNetSlidingWindow.obj) : warning LNK4099: PDB 'RakNet_VS2008_LibStatic_Debug_Win32.pdb' was not found with 'raknet_d.lib(CCRakNetSlidingWindow.obj)' or at 'D:\AIE Work\Joshua Peake\2018 - Programming\2018-Networking-Login-Project\Debug\RakNet_VS2008_LibStatic_Debug_Win32.pdb'; linking object as if no debug info
raknet_d.lib(DR_SHA1.obj) : warning LNK4099: PDB 'RakNet_VS2008_LibStatic_Debug_Win32.pdb' was not found with 'raknet_d.lib(DR_SHA1.obj)' or at 'D:\AIE Work\Joshua Peake\2018 - Programming\2018-Networking-Login-Project\Debug\RakNet_VS2008_LibStatic_Debug_Win32.pdb'; linking object as if no debug info
raknet_d.lib(DS_ByteQueue.obj) : warning LNK4099: PDB 'RakNet_VS2008_LibStatic_Debug_Win32.pdb' was not found with 'raknet_d.lib(DS_ByteQueue.obj)' or at 'D:\AIE Work\Joshua Peake\2018 - Programming\2018-Networking-Login-Project\Debug\RakNet_VS2008_LibStatic_Debug_Win32.pdb'; linking object as if no debug info
raknet_d.lib(DS_HuffmanEncodingTree.obj) : warning LNK4099: PDB 'RakNet_VS2008_LibStatic_Debug_Win32.pdb' was not found with 'raknet_d.lib(DS_HuffmanEncodingTree.obj)' or at 'D:\AIE Work\Joshua Peake\2018 - Programming\2018-Networking-Login-Project\Debug\RakNet_VS2008_LibStatic_Debug_Win32.pdb'; linking object as if no debug info
raknet_d.lib(GetTime.obj) : warning LNK4099: PDB 'RakNet_VS2008_LibStatic_Debug_Win32.pdb' was not found with 'raknet_d.lib(GetTime.obj)' or at 'D:\AIE Work\Joshua Peake\2018 - Programming\2018-Networking-Login-Project\Debug\RakNet_VS2008_LibStatic_Debug_Win32.pdb'; linking object as if no debug info
raknet_d.lib(Itoa.obj) : warning LNK4099: PDB 'RakNet_VS2008_LibStatic_Debug_Win32.pdb' was not found with 'raknet_d.lib(Itoa.obj)' or at 'D:\AIE Work\Joshua Peake\2018 - Programming\2018-Networking-Login-Project\Debug\RakNet_VS2008_LibStatic_Debug_Win32.pdb'; linking object as if no debug info
raknet_d.lib(LocklessTypes.obj) : warning LNK4099: PDB 'RakNet_VS2008_LibStatic_Debug_Win32.pdb' was not found with 'raknet_d.lib(LocklessTypes.obj)' or at 'D:\AIE Work\Joshua Peake\2018 - Programming\2018-Networking-Login-Project\Debug\RakNet_VS2008_LibStatic_Debug_Win32.pdb'; linking object as if no debug info
raknet_d.lib(PluginInterface2.obj) : warning LNK4099: PDB 'RakNet_VS2008_LibStatic_Debug_Win32.pdb' was not found with 'raknet_d.lib(PluginInterface2.obj)' or at 'D:\AIE Work\Joshua Peake\2018 - Programming\2018-Networking-Login-Project\Debug\RakNet_VS2008_LibStatic_Debug_Win32.pdb'; linking object as if no debug info
raknet_d.lib(RakMemoryOverride.obj) : warning LNK4099: PDB 'RakNet_VS2008_LibStatic_Debug_Win32.pdb' was not found with 'raknet_d.lib(RakMemoryOverride.obj)' or at 'D:\AIE Work\Joshua Peake\2018 - Programming\2018-Networking-Login-Project\Debug\RakNet_VS2008_LibStatic_Debug_Win32.pdb'; linking object as if no debug info
raknet_d.lib(RakNetSocket2.obj) : warning LNK4099: PDB 'RakNet_VS2008_LibStatic_Debug_Win32.pdb' was not found with 'raknet_d.lib(RakNetSocket2.obj)' or at 'D:\AIE Work\Joshua Peake\2018 - Programming\2018-Networking-Login-Project\Debug\RakNet_VS2008_LibStatic_Debug_Win32.pdb'; linking object as if no debug info
raknet_d.lib(RakNetTypes.obj) : warning LNK4099: PDB 'RakNet_VS2008_LibStatic_Debug_Win32.pdb' was not found with 'raknet_d.lib(RakNetTypes.obj)' or at 'D:\AIE Work\Joshua Peake\2018 - Programming\2018-Networking-Login-Project\Debug\RakNet_VS2008_LibStatic_Debug_Win32.pdb'; linking object as if no debug info
raknet_d.lib(RakPeer.obj) : warning LNK4099: PDB 'RakNet_VS2008_LibStatic_Debug_Win32.pdb' was not found with 'raknet_d.lib(RakPeer.obj)' or at 'D:\AIE Work\Joshua Peake\2018 - Programming\2018-Networking-Login-Project\Debug\RakNet_VS2008_LibStatic_Debug_Win32.pdb'; linking object as if no debug info
raknet_d.lib(RakSleep.obj) : warning LNK4099: PDB 'RakNet_VS2008_LibStatic_Debug_Win32.pdb' was not found with 'raknet_d.lib(RakSleep.obj)' or at 'D:\AIE Work\Joshua Peake\2018 - Programming\2018-Networking-Login-Project\Debug\RakNet_VS2008_LibStatic_Debug_Win32.pdb'; linking object as if no debug info
raknet_d.lib(RakString.obj) : warning LNK4099: PDB 'RakNet_VS2008_LibStatic_Debug_Win32.pdb' was not found with 'raknet_d.lib(RakString.obj)' or at 'D:\AIE Work\Joshua Peake\2018 - Programming\2018-Networking-Login-Project\Debug\RakNet_VS2008_LibStatic_Debug_Win32.pdb'; linking object as if no debug info
raknet_d.lib(RakThread.obj) : warning LNK4099: PDB 'RakNet_VS2008_LibStatic_Debug_Win32.pdb' was not found with 'raknet_d.lib(RakThread.obj)' or at 'D:\AIE Work\Joshua Peake\2018 - Programming\2018-Networking-Login-Project\Debug\RakNet_VS2008_LibStatic_Debug_Win32.pdb'; linking object as if no debug info
raknet_d.lib(Rand.obj) : warning LNK4099: PDB 'RakNet_VS2008_LibStatic_Debug_Win32.pdb' was not found with 'raknet_d.lib(Rand.obj)' or at 'D:\AIE Work\Joshua Peake\2018 - Programming\2018-Networking-Login-Project\Debug\RakNet_VS2008_LibStatic_Debug_Win32.pdb'; linking object as if no debug info
raknet_d.lib(ReliabilityLayer.obj) : warning LNK4099: PDB 'RakNet_VS2008_LibStatic_Debug_Win32.pdb' was not found with 'raknet_d.lib(ReliabilityLayer.obj)' or at 'D:\AIE Work\Joshua Peake\2018 - Programming\2018-Networking-Login-Project\Debug\RakNet_VS2008_LibStatic_Debug_Win32.pdb'; linking object as if no debug info
raknet_d.lib(SignaledEvent.obj) : warning LNK4099: PDB 'RakNet_VS2008_LibStatic_Debug_Win32.pdb' was not found with 'raknet_d.lib(SignaledEvent.obj)' or at 'D:\AIE Work\Joshua Peake\2018 - Programming\2018-Networking-Login-Project\Debug\RakNet_VS2008_LibStatic_Debug_Win32.pdb'; linking object as if no debug info
raknet_d.lib(SimpleMutex.obj) : warning LNK4099: PDB 'RakNet_VS2008_LibStatic_Debug_Win32.pdb' was not found with 'raknet_d.lib(SimpleMutex.obj)' or at 'D:\AIE Work\Joshua Peake\2018 - Programming\2018-Networking-Login-Project\Debug\RakNet_VS2008_LibStatic_Debug_Win32.pdb'; linking object as if no debug info
raknet_d.lib(SocketLayer.obj) : warning LNK4099: PDB 'RakNet_VS2008_LibStatic_Debug_Win32.pdb' was not found with 'raknet_d.lib(SocketLayer.obj)' or at 'D:\AIE Work\Joshua Peake\2018 - Programming\2018-Networking-Login-Project\Debug\RakNet_VS2008_LibStatic_Debug_Win32.pdb'; linking object as if no debug info
raknet_d.lib(StringCompressor.obj) : warning LNK4099: PDB 'RakNet_VS2008_LibStatic_Debug_Win32.pdb' was not found with 'raknet_d.lib(StringCompressor.obj)' or at 'D:\AIE Work\Joshua Peake\2018 - Programming\2018-Networking-Login-Project\Debug\RakNet_VS2008_LibStatic_Debug_Win32.pdb'; linking object as if no debug info
raknet_d.lib(StringTable.obj) : warning LNK4099: PDB 'RakNet_VS2008_LibStatic_Debug_Win32.pdb' was not found with 'raknet_d.lib(StringTable.obj)' or at 'D:\AIE Work\Joshua Peake\2018 - Programming\2018-Networking-Login-Project\Debug\RakNet_VS2008_LibStatic_Debug_Win32.pdb'; linking object as if no debug info
raknet_d.lib(SuperFastHash.obj) : warning LNK4099: PDB 'RakNet_VS2008_LibStatic_Debug_Win32.pdb' was not found with 'raknet_d.lib(SuperFastHash.obj)' or at 'D:\AIE Work\Joshua Peake\2018 - Programming\2018-Networking-Login-Project\Debug\RakNet_VS2008_LibStatic_Debug_Win32.pdb'; linking object as if no debug info
raknet_d.lib(TCPInterface.obj) : warning LNK4099: PDB 'RakNet_VS2008_LibStatic_Debug_Win32.pdb' was not found with 'raknet_d.lib(TCPInterface.obj)' or at 'D:\AIE Work\Joshua Peake\2018 - Programming\2018-Networking-Login-Project\Debug\RakNet_VS2008_LibStatic_Debug_Win32.pdb'; linking object as if no debug info
raknet_d.lib(WSAStartupSingleton.obj) : warning LNK4099: PDB 'RakNet_VS2008_LibStatic_Debug_Win32.pdb' was not found with 'raknet_d.lib(WSAStartupSingleton.obj)' or at 'D:\AIE Work\Joshua Peake\2018 - Programming\2018-Networking-Login-Project\Debug\RakNet_VS2008_LibStatic_Debug_Win32.pdb'; linking object as if no debug info
  GameServer.vcxproj -> D:\AIE Work\Joshua Peake\2018 - Programming\2018-Networking-Login-Project\Debug\GameServer.exe
